<?xml version="1.0" encoding="UTF-8"?>
<testsuite xmlns:xsi="http://www.w3.org/2001/XMLSchema-instance" xsi:noNamespaceSchemaLocation="https://maven.apache.org/surefire/maven-surefire-plugin/xsd/surefire-test-report.xsd" name="TestSuite" time="10,047.493" tests="2" errors="0" skipped="0" failures="1">
  <properties>
    <property name="sun.desktop" value="windows"/>
    <property name="awt.toolkit" value="sun.awt.windows.WToolkit"/>
    <property name="file.encoding.pkg" value="sun.io"/>
    <property name="java.specification.version" value="1.8"/>
    <property name="sun.cpu.isalist" value="amd64"/>
    <property name="sun.jnu.encoding" value="Cp1252"/>
    <property name="java.class.path" value="C:\Users\anand.mohan.patel\workspace2\com.Sikuli.test\target\test-classes;C:\Users\anand.mohan.patel\workspace2\com.Sikuli.test\target\classes;C:\Users\anand.mohan.patel\.m2\repository\org\seleniumhq\selenium\selenium-java\3.13.0\selenium-java-3.13.0.jar;C:\Users\anand.mohan.patel\.m2\repository\org\seleniumhq\selenium\selenium-api\3.13.0\selenium-api-3.13.0.jar;C:\Users\anand.mohan.patel\.m2\repository\org\seleniumhq\selenium\selenium-chrome-driver\3.13.0\selenium-chrome-driver-3.13.0.jar;C:\Users\anand.mohan.patel\.m2\repository\org\seleniumhq\selenium\selenium-edge-driver\3.13.0\selenium-edge-driver-3.13.0.jar;C:\Users\anand.mohan.patel\.m2\repository\org\seleniumhq\selenium\selenium-firefox-driver\3.13.0\selenium-firefox-driver-3.13.0.jar;C:\Users\anand.mohan.patel\.m2\repository\org\seleniumhq\selenium\selenium-ie-driver\3.13.0\selenium-ie-driver-3.13.0.jar;C:\Users\anand.mohan.patel\.m2\repository\org\seleniumhq\selenium\selenium-opera-driver\3.13.0\selenium-opera-driver-3.13.0.jar;C:\Users\anand.mohan.patel\.m2\repository\org\seleniumhq\selenium\selenium-remote-driver\3.13.0\selenium-remote-driver-3.13.0.jar;C:\Users\anand.mohan.patel\.m2\repository\org\seleniumhq\selenium\selenium-safari-driver\3.13.0\selenium-safari-driver-3.13.0.jar;C:\Users\anand.mohan.patel\.m2\repository\org\seleniumhq\selenium\selenium-support\3.13.0\selenium-support-3.13.0.jar;C:\Users\anand.mohan.patel\.m2\repository\net\bytebuddy\byte-buddy\1.8.3\byte-buddy-1.8.3.jar;C:\Users\anand.mohan.patel\.m2\repository\org\apache\commons\commons-exec\1.3\commons-exec-1.3.jar;C:\Users\anand.mohan.patel\.m2\repository\commons-codec\commons-codec\1.10\commons-codec-1.10.jar;C:\Users\anand.mohan.patel\.m2\repository\commons-logging\commons-logging\1.2\commons-logging-1.2.jar;C:\Users\anand.mohan.patel\.m2\repository\com\google\code\gson\gson\2.8.4\gson-2.8.4.jar;C:\Users\anand.mohan.patel\.m2\repository\com\google\guava\guava\25.0-jre\guava-25.0-jre.jar;C:\Users\anand.mohan.patel\.m2\repository\com\google\code\findbugs\jsr305\1.3.9\jsr305-1.3.9.jar;C:\Users\anand.mohan.patel\.m2\repository\org\checkerframework\checker-compat-qual\2.0.0\checker-compat-qual-2.0.0.jar;C:\Users\anand.mohan.patel\.m2\repository\com\google\errorprone\error_prone_annotations\2.1.3\error_prone_annotations-2.1.3.jar;C:\Users\anand.mohan.patel\.m2\repository\com\google\j2objc\j2objc-annotations\1.1\j2objc-annotations-1.1.jar;C:\Users\anand.mohan.patel\.m2\repository\org\codehaus\mojo\animal-sniffer-annotations\1.14\animal-sniffer-annotations-1.14.jar;C:\Users\anand.mohan.patel\.m2\repository\org\apache\httpcomponents\httpclient\4.5.5\httpclient-4.5.5.jar;C:\Users\anand.mohan.patel\.m2\repository\org\apache\httpcomponents\httpcore\4.4.9\httpcore-4.4.9.jar;C:\Users\anand.mohan.patel\.m2\repository\com\squareup\okhttp3\okhttp\3.10.0\okhttp-3.10.0.jar;C:\Users\anand.mohan.patel\.m2\repository\com\squareup\okio\okio\1.14.1\okio-1.14.1.jar;C:\Users\anand.mohan.patel\.m2\repository\com\sikulix\sikulixapi\1.1.2\sikulixapi-1.1.2.jar;C:\Users\anand.mohan.patel\.m2\repository\commons-cli\commons-cli\1.2\commons-cli-1.2.jar;C:\Users\anand.mohan.patel\.m2\repository\commons-net\commons-net\3.4\commons-net-3.4.jar;C:\Users\anand.mohan.patel\.m2\repository\com\github\tulskiy\jkeymaster\1.2\jkeymaster-1.2.jar;C:\Users\anand.mohan.patel\.m2\repository\net\java\dev\jna\jna\4.2.1\jna-4.2.1.jar;C:\Users\anand.mohan.patel\.m2\repository\org\slf4j\slf4j-api\1.7.13\slf4j-api-1.7.13.jar;C:\Users\anand.mohan.patel\.m2\repository\org\slf4j\slf4j-nop\1.7.25\slf4j-nop-1.7.25.jar;C:\Users\anand.mohan.patel\.m2\repository\com\melloware\jintellitype\1.3.7\jintellitype-1.3.7.jar;C:\Users\anand.mohan.patel\.m2\repository\com\nativelibs4java\bridj\0.7.0\bridj-0.7.0.jar;C:\Users\anand.mohan.patel\.m2\repository\com\google\android\tools\dx\1.7\dx-1.7.jar;C:\Users\anand.mohan.patel\.m2\repository\com\github\vidstige\jadb\-v1.0-g94ebf38-23\jadb--v1.0-g94ebf38-23.jar;C:\Users\anand.mohan.patel\.m2\repository\com\sikulix\sikulixlibswin\1.1.1\sikulixlibswin-1.1.1.jar;C:\Users\anand.mohan.patel\.m2\repository\com\sikulix\sikulix2tigervnc\2.0.0-SNAPSHOT\sikulix2tigervnc-2.0.0-SNAPSHOT.jar;C:\Users\anand.mohan.patel\.m2\repository\org\testng\testng\6.14.3\testng-6.14.3.jar;C:\Users\anand.mohan.patel\.m2\repository\com\beust\jcommander\1.72\jcommander-1.72.jar;C:\Users\anand.mohan.patel\.m2\repository\org\apache-extras\beanshell\bsh\2.0b6\bsh-2.0b6.jar;C:\Users\anand.mohan.patel\.m2\repository\org\apache\maven\surefire\surefire-testng-utils\2.22.0\surefire-testng-utils-2.22.0.jar;C:\Users\anand.mohan.patel\.m2\repository\org\apache\maven\surefire\surefire-grouper\2.22.0\surefire-grouper-2.22.0.jar;"/>
    <property name="java.vm.vendor" value="Oracle Corporation"/>
    <property name="sun.arch.data.model" value="64"/>
    <property name="user.variant" value=""/>
    <property name="java.vendor.url" value="http://java.oracle.com/"/>
    <property name="user.timezone" value="Asia/Calcutta"/>
    <property name="java.vm.specification.version" value="1.8"/>
    <property name="os.name" value="Windows 10"/>
    <property name="user.country" value="US"/>
    <property name="sun.java.launcher" value="SUN_STANDARD"/>
    <property name="sun.boot.library.path" value="C:\Program Files\Java\jdk1.8.0_181\jre\bin"/>
    <property name="sun.java.command" value="C:\Users\ANANDM~2.PAT\AppData\Local\Temp\surefire2775104691322470931\surefirebooter2109533892151211920.jar C:\Users\anand.mohan.patel\AppData\Local\Temp\surefire2775104691322470931 2018-09-18T14-17-51_878-jvmRun1 surefire507996694796029221tmp surefire_03651864525366107436tmp"/>
    <property name="surefire.test.class.path" value="C:\Users\anand.mohan.patel\workspace2\com.Sikuli.test\target\test-classes;C:\Users\anand.mohan.patel\workspace2\com.Sikuli.test\target\classes;C:\Users\anand.mohan.patel\.m2\repository\org\seleniumhq\selenium\selenium-java\3.13.0\selenium-java-3.13.0.jar;C:\Users\anand.mohan.patel\.m2\repository\org\seleniumhq\selenium\selenium-api\3.13.0\selenium-api-3.13.0.jar;C:\Users\anand.mohan.patel\.m2\repository\org\seleniumhq\selenium\selenium-chrome-driver\3.13.0\selenium-chrome-driver-3.13.0.jar;C:\Users\anand.mohan.patel\.m2\repository\org\seleniumhq\selenium\selenium-edge-driver\3.13.0\selenium-edge-driver-3.13.0.jar;C:\Users\anand.mohan.patel\.m2\repository\org\seleniumhq\selenium\selenium-firefox-driver\3.13.0\selenium-firefox-driver-3.13.0.jar;C:\Users\anand.mohan.patel\.m2\repository\org\seleniumhq\selenium\selenium-ie-driver\3.13.0\selenium-ie-driver-3.13.0.jar;C:\Users\anand.mohan.patel\.m2\repository\org\seleniumhq\selenium\selenium-opera-driver\3.13.0\selenium-opera-driver-3.13.0.jar;C:\Users\anand.mohan.patel\.m2\repository\org\seleniumhq\selenium\selenium-remote-driver\3.13.0\selenium-remote-driver-3.13.0.jar;C:\Users\anand.mohan.patel\.m2\repository\org\seleniumhq\selenium\selenium-safari-driver\3.13.0\selenium-safari-driver-3.13.0.jar;C:\Users\anand.mohan.patel\.m2\repository\org\seleniumhq\selenium\selenium-support\3.13.0\selenium-support-3.13.0.jar;C:\Users\anand.mohan.patel\.m2\repository\net\bytebuddy\byte-buddy\1.8.3\byte-buddy-1.8.3.jar;C:\Users\anand.mohan.patel\.m2\repository\org\apache\commons\commons-exec\1.3\commons-exec-1.3.jar;C:\Users\anand.mohan.patel\.m2\repository\commons-codec\commons-codec\1.10\commons-codec-1.10.jar;C:\Users\anand.mohan.patel\.m2\repository\commons-logging\commons-logging\1.2\commons-logging-1.2.jar;C:\Users\anand.mohan.patel\.m2\repository\com\google\code\gson\gson\2.8.4\gson-2.8.4.jar;C:\Users\anand.mohan.patel\.m2\repository\com\google\guava\guava\25.0-jre\guava-25.0-jre.jar;C:\Users\anand.mohan.patel\.m2\repository\com\google\code\findbugs\jsr305\1.3.9\jsr305-1.3.9.jar;C:\Users\anand.mohan.patel\.m2\repository\org\checkerframework\checker-compat-qual\2.0.0\checker-compat-qual-2.0.0.jar;C:\Users\anand.mohan.patel\.m2\repository\com\google\errorprone\error_prone_annotations\2.1.3\error_prone_annotations-2.1.3.jar;C:\Users\anand.mohan.patel\.m2\repository\com\google\j2objc\j2objc-annotations\1.1\j2objc-annotations-1.1.jar;C:\Users\anand.mohan.patel\.m2\repository\org\codehaus\mojo\animal-sniffer-annotations\1.14\animal-sniffer-annotations-1.14.jar;C:\Users\anand.mohan.patel\.m2\repository\org\apache\httpcomponents\httpclient\4.5.5\httpclient-4.5.5.jar;C:\Users\anand.mohan.patel\.m2\repository\org\apache\httpcomponents\httpcore\4.4.9\httpcore-4.4.9.jar;C:\Users\anand.mohan.patel\.m2\repository\com\squareup\okhttp3\okhttp\3.10.0\okhttp-3.10.0.jar;C:\Users\anand.mohan.patel\.m2\repository\com\squareup\okio\okio\1.14.1\okio-1.14.1.jar;C:\Users\anand.mohan.patel\.m2\repository\com\sikulix\sikulixapi\1.1.2\sikulixapi-1.1.2.jar;C:\Users\anand.mohan.patel\.m2\repository\commons-cli\commons-cli\1.2\commons-cli-1.2.jar;C:\Users\anand.mohan.patel\.m2\repository\commons-net\commons-net\3.4\commons-net-3.4.jar;C:\Users\anand.mohan.patel\.m2\repository\com\github\tulskiy\jkeymaster\1.2\jkeymaster-1.2.jar;C:\Users\anand.mohan.patel\.m2\repository\net\java\dev\jna\jna\4.2.1\jna-4.2.1.jar;C:\Users\anand.mohan.patel\.m2\repository\org\slf4j\slf4j-api\1.7.13\slf4j-api-1.7.13.jar;C:\Users\anand.mohan.patel\.m2\repository\org\slf4j\slf4j-nop\1.7.25\slf4j-nop-1.7.25.jar;C:\Users\anand.mohan.patel\.m2\repository\com\melloware\jintellitype\1.3.7\jintellitype-1.3.7.jar;C:\Users\anand.mohan.patel\.m2\repository\com\nativelibs4java\bridj\0.7.0\bridj-0.7.0.jar;C:\Users\anand.mohan.patel\.m2\repository\com\google\android\tools\dx\1.7\dx-1.7.jar;C:\Users\anand.mohan.patel\.m2\repository\com\github\vidstige\jadb\-v1.0-g94ebf38-23\jadb--v1.0-g94ebf38-23.jar;C:\Users\anand.mohan.patel\.m2\repository\com\sikulix\sikulixlibswin\1.1.1\sikulixlibswin-1.1.1.jar;C:\Users\anand.mohan.patel\.m2\repository\com\sikulix\sikulix2tigervnc\2.0.0-SNAPSHOT\sikulix2tigervnc-2.0.0-SNAPSHOT.jar;C:\Users\anand.mohan.patel\.m2\repository\org\testng\testng\6.14.3\testng-6.14.3.jar;C:\Users\anand.mohan.patel\.m2\repository\com\beust\jcommander\1.72\jcommander-1.72.jar;C:\Users\anand.mohan.patel\.m2\repository\org\apache-extras\beanshell\bsh\2.0b6\bsh-2.0b6.jar;C:\Users\anand.mohan.patel\.m2\repository\org\apache\maven\surefire\surefire-testng-utils\2.22.0\surefire-testng-utils-2.22.0.jar;C:\Users\anand.mohan.patel\.m2\repository\org\apache\maven\surefire\surefire-grouper\2.22.0\surefire-grouper-2.22.0.jar;"/>
    <property name="sun.cpu.endian" value="little"/>
    <property name="user.home" value="C:\Users\anand.mohan.patel"/>
    <property name="user.language" value="en"/>
    <property name="java.specification.vendor" value="Oracle Corporation"/>
    <property name="java.home" value="C:\Program Files\Java\jdk1.8.0_181\jre"/>
    <property name="basedir" value="C:\Users\anand.mohan.patel\workspace2\com.Sikuli.test"/>
    <property name="file.separator" value="\"/>
    <property name="line.separator" value="&#10;"/>
    <property name="java.vm.specification.vendor" value="Oracle Corporation"/>
    <property name="java.specification.name" value="Java Platform API Specification"/>
    <property name="java.awt.graphicsenv" value="sun.awt.Win32GraphicsEnvironment"/>
    <property name="surefire.real.class.path" value="C:\Users\ANANDM~2.PAT\AppData\Local\Temp\surefire2775104691322470931\surefirebooter2109533892151211920.jar"/>
    <property name="sun.boot.class.path" value="C:\Program Files\Java\jdk1.8.0_181\jre\lib\resources.jar;C:\Program Files\Java\jdk1.8.0_181\jre\lib\rt.jar;C:\Program Files\Java\jdk1.8.0_181\jre\lib\sunrsasign.jar;C:\Program Files\Java\jdk1.8.0_181\jre\lib\jsse.jar;C:\Program Files\Java\jdk1.8.0_181\jre\lib\jce.jar;C:\Program Files\Java\jdk1.8.0_181\jre\lib\charsets.jar;C:\Program Files\Java\jdk1.8.0_181\jre\lib\jfr.jar;C:\Program Files\Java\jdk1.8.0_181\jre\classes"/>
    <property name="user.script" value=""/>
    <property name="sun.management.compiler" value="HotSpot 64-Bit Tiered Compilers"/>
    <property name="java.runtime.version" value="1.8.0_181-b13"/>
    <property name="user.name" value="anand.mohan.patel"/>
    <property name="path.separator" value=";"/>
    <property name="os.version" value="10.0"/>
    <property name="java.endorsed.dirs" value="C:\Program Files\Java\jdk1.8.0_181\jre\lib\endorsed"/>
    <property name="java.runtime.name" value="Java(TM) SE Runtime Environment"/>
    <property name="file.encoding" value="Cp1252"/>
    <property name="java.vm.name" value="Java HotSpot(TM) 64-Bit Server VM"/>
    <property name="localRepository" value="C:\Users\anand.mohan.patel\.m2\repository"/>
    <property name="java.vendor.url.bug" value="http://bugreport.sun.com/bugreport/"/>
    <property name="java.io.tmpdir" value="C:\Users\ANANDM~2.PAT\AppData\Local\Temp\"/>
    <property name="java.version" value="1.8.0_181"/>
    <property name="user.dir" value="C:\Users\anand.mohan.patel\workspace2\com.Sikuli.test"/>
    <property name="os.arch" value="amd64"/>
    <property name="java.vm.specification.name" value="Java Virtual Machine Specification"/>
    <property name="java.awt.printerjob" value="sun.awt.windows.WPrinterJob"/>
    <property name="sun.os.patch.level" value=""/>
    <property name="java.library.path" value="C:\Program Files\Java\jdk1.8.0_181\jre\bin;C:\WINDOWS\Sun\Java\bin;C:\WINDOWS\system32;C:\WINDOWS;C:/Program Files/Java/jre1.8.0_181/bin/server;C:/Program Files/Java/jre1.8.0_181/bin;C:/Program Files/Java/jre1.8.0_181/lib/amd64;C:\Program Files (x86)\Common Files\Oracle\Java\javapath;C:\ProgramData\Oracle\Java\javapath;C:\WINDOWS\system32;C:\WINDOWS;C:\WINDOWS\System32\Wbem;C:\WINDOWS\System32\WindowsPowerShell\v1.0\;C:\Program Files\Java\jdk1.8.0_171\bin;C:\Program Files\PuTTY\;C:\Program Files\Java\jdk1.8.0_181\bin;C:\Users\anand.mohan.patel\AppData\Local\Microsoft\WindowsApps;;C:\Users\anand.mohan.patel\Documents\Anand\eclipse-jee-neon-3-win32-x86_64\eclipse;;."/>
    <property name="java.vm.info" value="mixed mode"/>
    <property name="java.vendor" value="Oracle Corporation"/>
    <property name="java.vm.version" value="25.181-b13"/>
    <property name="java.ext.dirs" value="C:\Program Files\Java\jdk1.8.0_181\jre\lib\ext;C:\WINDOWS\Sun\Java\lib\ext"/>
    <property name="sun.io.unicode.encoding" value="UnicodeLittle"/>
    <property name="java.class.version" value="52.0"/>
  </properties>
  <testcase name="upload" classname="com.Sikuli.test.FileUpload" time="26.551"/>
  <testcase name="upload" classname="com.Sikuli.test.Download" time="10,020.043">
    <failure message="C:/Users/anand.mohan.patel/workspace2/com.Sikuli.test/Screenshot/filedownload.PNG not loaded" type="org.sikuli.script.FindFailed">org.sikuli.script.FindFailed: C:/Users/anand.mohan.patel/workspace2/com.Sikuli.test/Screenshot/filedownload.PNG not loaded
	at com.Sikuli.test.Download.upload(Download.java:23)
</failure>
    <system-out><![CDATA[[log] CLICK on L(674,486)@S(0)[0,0 1366x768] (528 msec)
]]></system-out>
    <system-err><![CDATA[Starting ChromeDriver 2.36.540470 (e522d04694c7ebea4ba8821272dbef4f9b818c91) on port 36869
Only local connections are allowed.
Sep 18, 2018 2:18:29 PM org.openqa.selenium.remote.ProtocolHandshake createSession
INFO: Detected dialect: OSS
]]></system-err>
  </testcase>
</testsuite>