<?xml version="1.0" encoding="UTF-8"?>
<!-- Generated by org.testng.reporters.JUnitReportReporter -->
<testsuite skipped="0" hostname="bdc6-dx-5DVHXH2" name="com.Sikuli.test.FileUpload" tests="1" failures="0" timestamp="18 Sep 2018 11:35:24 GMT" time="26.550" errors="0">
  <testcase name="upload" time="26.550" classname="com.Sikuli.test.FileUpload"/>
</testsuite> <!-- com.Sikuli.test.FileUpload -->
